Using pre-set license
Built from '2021.3/staging' branch; Version is '2021.3.5f1 (40eb3a945986) revision 4254522'; Using compiler version '192829333'; Build Type 'Release'
OS: 'Windows 10  (10.0.19045) 64bit Professional' Language: 'uk' Physical Memory: 8132 MB
BatchMode: 1, IsHumanControllingUs: 0, StartBugReporterOnCrash: 0, Is64bit: 1, IsPro: 1

COMMAND LINE ARGUMENTS:
F:\Unity\2021.3.5f1\Editor\Unity.exe
-adb2
-batchMode
-noUpm
-name
AssetImportWorker5
-projectPath
F:/Unity/MyProject/RaceCar/RaceCar
-logFile
Logs/AssetImportWorker5.log
-srvPort
64630
Successfully changed project path to: F:/Unity/MyProject/RaceCar/RaceCar
F:/Unity/MyProject/RaceCar/RaceCar
[UnityMemory] Configuration Parameters - Can be set up in boot.config
    "memorysetup-bucket-allocator-granularity=16"
    "memorysetup-bucket-allocator-bucket-count=8"
    "memorysetup-bucket-allocator-block-size=33554432"
    "memorysetup-bucket-allocator-block-count=8"
    "memorysetup-main-allocator-block-size=16777216"
    "memorysetup-thread-allocator-block-size=16777216"
    "memorysetup-gfx-main-allocator-block-size=16777216"
    "memorysetup-gfx-thread-allocator-block-size=16777216"
    "memorysetup-cache-allocator-block-size=4194304"
    "memorysetup-typetree-allocator-block-size=2097152"
    "memorysetup-profiler-bucket-allocator-granularity=16"
    "memorysetup-profiler-bucket-allocator-bucket-count=8"
    "memorysetup-profiler-bucket-allocator-block-size=33554432"
    "memorysetup-profiler-bucket-allocator-block-count=8"
    "memorysetup-profiler-allocator-block-size=16777216"
    "memorysetup-profiler-editor-allocator-block-size=1048576"
    "memorysetup-temp-allocator-size-main=16777216"
    "memorysetup-job-temp-allocator-block-size=2097152"
    "memorysetup-job-temp-allocator-block-size-background=1048576"
    "memorysetup-job-temp-allocator-reduction-small-platforms=262144"
    "memorysetup-temp-allocator-size-background-worker=32768"
    "memorysetup-temp-allocator-size-job-worker=262144"
    "memorysetup-temp-allocator-size-preload-manager=33554432"
    "memorysetup-temp-allocator-size-nav-mesh-worker=65536"
    "memorysetup-temp-allocator-size-audio-worker=65536"
    "memorysetup-temp-allocator-size-cloud-worker=32768"
    "memorysetup-temp-allocator-size-gi-baking-worker=262144"
    "memorysetup-temp-allocator-size-gfx=262144"
Refreshing native plugins compatible for Editor in 177.58 ms, found 5 plugins.
Preloading 0 native plugins for Editor in 0.00 ms.
Initialize engine version: 2021.3.5f1 (40eb3a945986)
[Subsystems] Discovering subsystems at path F:/Unity/2021.3.5f1/Editor/Data/Resources/UnitySubsystems
[Subsystems] Discovering subsystems at path F:/Unity/MyProject/RaceCar/RaceCar/Assets
GfxDevice: creating device client; threaded=0; jobified=0
Direct3D:
    Version:  Direct3D 11.0 [level 11.0]
    Renderer: NVIDIA GeForce GTX 750 Ti (ID=0x1380)
    Vendor:   NVIDIA
    VRAM:     2006 MB
    Driver:   31.0.15.3623
Initialize mono
Mono path[0] = 'F:/Unity/2021.3.5f1/Editor/Data/Managed'
Mono path[1] = 'F:/Unity/2021.3.5f1/Editor/Data/MonoBleedingEdge/lib/mono/unityjit-win32'
Mono config path = 'F:/Unity/2021.3.5f1/Editor/Data/MonoBleedingEdge/etc'
Using monoOptions --debugger-agent=transport=dt_socket,embedding=1,server=y,suspend=n,address=127.0.0.1:56700
Begin MonoManager ReloadAssembly
Registering precompiled unity dll's ...
Register platform support module: F:/Unity/2021.3.5f1/Editor/Data/PlaybackEngines/WebGLSupport/UnityEditor.WebGL.Extensions.dll
Register platform support module: F:/Unity/2021.3.5f1/Editor/Data/PlaybackEngines/AndroidPlayer/UnityEditor.Android.Extensions.dll
Register platform support module: F:/Unity/2021.3.5f1/Editor/Data/PlaybackEngines/WindowsStandaloneSupport/UnityEditor.WindowsStandalone.Extensions.dll
Registered in 0.005246 seconds.
Native extension for WindowsStandalone target not found
Native extension for Android target not found
Native extension for WebGL target not found
Refreshing native plugins compatible for Editor in 162.02 ms, found 5 plugins.
Preloading 0 native plugins for Editor in 0.00 ms.
Mono: successfully reloaded assembly
- Completed reload, in  1.018 seconds
Domain Reload Profiling:
	ReloadAssembly (1019ms)
		BeginReloadAssembly (110ms)
			ExecutionOrderSort (0ms)
			DisableScriptedObjects (0ms)
			BackupInstance (0ms)
			ReleaseScriptingObjects (0ms)
			CreateAndSetChildDomain (1ms)
		EndReloadAssembly (754ms)
			LoadAssemblies (108ms)
			RebuildTransferFunctionScriptingTraits (0ms)
			SetupTypeCache (179ms)
			ReleaseScriptCaches (0ms)
			RebuildScriptCaches (42ms)
			SetupLoadedEditorAssemblies (461ms)
				LogAssemblyErrors (0ms)
				InitializePlatformSupportModulesInManaged (84ms)
				SetLoadedEditorAssemblies (0ms)
				RefreshPlugins (162ms)
				BeforeProcessingInitializeOnLoad (2ms)
				ProcessInitializeOnLoadAttributes (146ms)
				ProcessInitializeOnLoadMethodAttributes (67ms)
				AfterProcessingInitializeOnLoad (0ms)
				EditorAssembliesLoaded (0ms)
			ExecutionOrderSort2 (0ms)
			AwakeInstancesAfterBackupRestoration (0ms)
Platform modules already initialized, skipping
Registering precompiled user dll's ...
Registered in 0.007766 seconds.
Begin MonoManager ReloadAssembly
Symbol file LoadedFromMemory doesn't match image F:\Unity\MyProject\RaceCar\RaceCar\Library\PackageCache\com.unity.visualscripting@1.7.8\Editor\VisualScripting.Core\Dependencies\DotNetZip\Unity.VisualScripting.IonicZip.dll
Symbol file LoadedFromMemory doesn't match image F:\Unity\MyProject\RaceCar\RaceCar\Library\PackageCache\com.unity.visualscripting@1.7.8\Editor\VisualScripting.Core\Dependencies\YamlDotNet\Unity.VisualScripting.YamlDotNet.dll
Native extension for WindowsStandalone target not found
Native extension for Android target not found
Native extension for WebGL target not found
Refreshing native plugins compatible for Editor in 156.34 ms, found 5 plugins.
Preloading 0 native plugins for Editor in 0.00 ms.
Package Manager log level set to [2]
Mono: successfully reloaded assembly
- Completed reload, in  4.876 seconds
Domain Reload Profiling:
	ReloadAssembly (4878ms)
		BeginReloadAssembly (251ms)
			ExecutionOrderSort (0ms)
			DisableScriptedObjects (10ms)
			BackupInstance (0ms)
			ReleaseScriptingObjects (0ms)
			CreateAndSetChildDomain (126ms)
		EndReloadAssembly (4458ms)
			LoadAssemblies (113ms)
			RebuildTransferFunctionScriptingTraits (0ms)
			SetupTypeCache (384ms)
			ReleaseScriptCaches (1ms)
			RebuildScriptCaches (110ms)
			SetupLoadedEditorAssemblies (3774ms)
				LogAssemblyErrors (0ms)
				InitializePlatformSupportModulesInManaged (19ms)
				SetLoadedEditorAssemblies (0ms)
				RefreshPlugins (156ms)
				BeforeProcessingInitializeOnLoad (150ms)
				ProcessInitializeOnLoadAttributes (1534ms)
				ProcessInitializeOnLoadMethodAttributes (1910ms)
				AfterProcessingInitializeOnLoad (5ms)
				EditorAssembliesLoaded (0ms)
			ExecutionOrderSort2 (0ms)
			AwakeInstancesAfterBackupRestoration (8ms)
Platform modules already initialized, skipping
========================================================================
Worker process is ready to serve import requests
Launched and connected shader compiler UnityShaderCompiler.exe after 0.20 seconds
Refreshing native plugins compatible for Editor in 1.45 ms, found 5 plugins.
Preloading 0 native plugins for Editor in 0.00 ms.
Unloading 4467 Unused Serialized files (Serialized files now loaded: 0)
Unloading 101 unused Assets / (1.6 MB). Loaded Objects now: 4912.
Memory consumption went from 172.2 MB to 170.7 MB.
Total: 10.497100 ms (FindLiveObjects: 0.573800 ms CreateObjectMapping: 0.298500 ms MarkObjects: 9.209500 ms  DeleteObjects: 0.413000 ms)

AssetImportParameters requested are different than current active one (requested -> active):
  custom:video-decoder-ogg-theora: a1e56fd34408186e4bbccfd4996cb3dc -> 
  custom:container-muxer-webm: aa71ff27fc2769a1b78a27578f13a17b -> 
  custom:container-demuxer-webm: 4f35f7cbe854078d1ac9338744f61a02 -> 
  custom:video-encoder-webm-vp8: eb34c28f22e8b96e1ab97ce403110664 -> 
  custom:audio-encoder-webm-vorbis: bf7c407c2cedff20999df2af8eb42d56 -> 
  custom:framework-win-MediaFoundation: 216162199b28c13a410421893ffa2e32 -> 
  custom:container-demuxer-ogg: 62fdf1f143b41e24485cea50d1cbac27 -> 
  custom:video-decoder-webm-vp8: 9c59270c3fd7afecdb556c50c9e8de78 -> 
  custom:audio-decoder-ogg-vorbis: bf7c407c2cedff20999df2af8eb42d56 -> 
========================================================================
Received Import Request.
  Time since last request: 67219.319628 seconds.
  path: Assets/Auto/Prefabs/Body/Body8.prefab
  artifactKey: Guid(b929321eb2f54ca43a2e1528cb5881e1) Importer(815301076,1909f56bfc062723c751e8b465ee728b)
Start importing Assets/Auto/Prefabs/Body/Body8.prefab using Guid(b929321eb2f54ca43a2e1528cb5881e1) Importer(815301076,1909f56bfc062723c751e8b465ee728b)  -> (artifact id: '787860b0a8e5573e77b9f25a917f5782') in 0.658679 seconds 
========================================================================
Received Import Request.
  Time since last request: 0.000035 seconds.
  path: Assets/Scenes/MainScene.unity
  artifactKey: Guid(99c9720ab356a0642a771bea13969a05) Importer(815301076,1909f56bfc062723c751e8b465ee728b)
Start importing Assets/Scenes/MainScene.unity using Guid(99c9720ab356a0642a771bea13969a05) Importer(815301076,1909f56bfc062723c751e8b465ee728b)  -> (artifact id: '7eef601706e33f042ae3f37808da5ccb') in 0.015066 seconds 
========================================================================
Received Import Request.
  Time since last request: 0.000068 seconds.
  path: Assets/Auto/Prefabs/Body/Body7.prefab
  artifactKey: Guid(48bf56e32a9cc8e4892c52266aa102f0) Importer(815301076,1909f56bfc062723c751e8b465ee728b)
Start importing Assets/Auto/Prefabs/Body/Body7.prefab using Guid(48bf56e32a9cc8e4892c52266aa102f0) Importer(815301076,1909f56bfc062723c751e8b465ee728b)  -> (artifact id: 'db1b9d6cba853573261574f8233b697d') in 0.142119 seconds 
========================================================================
Received Import Request.
  Time since last request: 0.000027 seconds.
  path: Assets/Auto/UpdateMeshes/колесо 18.fbx
  artifactKey: Guid(592ea242b0c5188498950acc0513968e) Importer(815301076,1909f56bfc062723c751e8b465ee728b)
Start importing Assets/Auto/UpdateMeshes/колесо 18.fbx using Guid(592ea242b0c5188498950acc0513968e) Importer(815301076,1909f56bfc062723c751e8b465ee728b)  -> (artifact id: 'a7bd4fe68b3dcd6c771745c4f676d64e') in 4.173822 seconds 
========================================================================
Received Import Request.
  Time since last request: 0.000043 seconds.
  path: Assets/Auto/Prefabs/Auto 1.prefab
  artifactKey: Guid(49fa2bbbbade33c46b76b89a1a76724d) Importer(815301076,1909f56bfc062723c751e8b465ee728b)
Start importing Assets/Auto/Prefabs/Auto 1.prefab using Guid(49fa2bbbbade33c46b76b89a1a76724d) Importer(815301076,1909f56bfc062723c751e8b465ee728b)  -> (artifact id: '188afe7b57f4bd301f671e41a11bb948') in 1.392643 seconds 
========================================================================
Received Import Request.
  Time since last request: 0.000044 seconds.
  path: Assets/Auto/Prefabs/Body/Body2.prefab
  artifactKey: Guid(724f9a85db702d84e8665df826cbca76) Importer(815301076,1909f56bfc062723c751e8b465ee728b)
Start importing Assets/Auto/Prefabs/Body/Body2.prefab using Guid(724f9a85db702d84e8665df826cbca76) Importer(815301076,1909f56bfc062723c751e8b465ee728b)  -> (artifact id: '34b2f231d4827e45f6d86f45628b86e4') in 0.094271 seconds 
========================================================================
Received Import Request.
  Time since last request: 0.000037 seconds.
  path: Assets/Auto/Prefabs/Body/Body9.prefab
  artifactKey: Guid(bc1b6bf948f1ae0458d8405fb8630bc7) Importer(815301076,1909f56bfc062723c751e8b465ee728b)
Start importing Assets/Auto/Prefabs/Body/Body9.prefab using Guid(bc1b6bf948f1ae0458d8405fb8630bc7) Importer(815301076,1909f56bfc062723c751e8b465ee728b)  -> (artifact id: '5aa03c9f675ceea744a601553f5bf83c') in 0.106587 seconds 
========================================================================
Received Prepare
Registering precompiled user dll's ...
Registered in 0.007835 seconds.
Begin MonoManager ReloadAssembly
Symbol file LoadedFromMemory doesn't match image F:\Unity\MyProject\RaceCar\RaceCar\Library\PackageCache\com.unity.visualscripting@1.7.8\Editor\VisualScripting.Core\Dependencies\DotNetZip\Unity.VisualScripting.IonicZip.dll
Symbol file LoadedFromMemory doesn't match image F:\Unity\MyProject\RaceCar\RaceCar\Library\PackageCache\com.unity.visualscripting@1.7.8\Editor\VisualScripting.Core\Dependencies\YamlDotNet\Unity.VisualScripting.YamlDotNet.dll
Native extension for WindowsStandalone target not found
Native extension for Android target not found
Native extension for WebGL target not found
Refreshing native plugins compatible for Editor in 2.37 ms, found 5 plugins.
Preloading 0 native plugins for Editor in 0.00 ms.
Mono: successfully reloaded assembly
- Completed reload, in  2.844 seconds
Domain Reload Profiling:
	ReloadAssembly (2845ms)
		BeginReloadAssembly (233ms)
			ExecutionOrderSort (0ms)
			DisableScriptedObjects (11ms)
			BackupInstance (0ms)
			ReleaseScriptingObjects (0ms)
			CreateAndSetChildDomain (71ms)
		EndReloadAssembly (2403ms)
			LoadAssemblies (167ms)
			RebuildTransferFunctionScriptingTraits (0ms)
			SetupTypeCache (691ms)
			ReleaseScriptCaches (2ms)
			RebuildScriptCaches (135ms)
			SetupLoadedEditorAssemblies (1273ms)
				LogAssemblyErrors (0ms)
				InitializePlatformSupportModulesInManaged (51ms)
				SetLoadedEditorAssemblies (1ms)
				RefreshPlugins (3ms)
				BeforeProcessingInitializeOnLoad (169ms)
				ProcessInitializeOnLoadAttributes (748ms)
				ProcessInitializeOnLoadMethodAttributes (293ms)
				AfterProcessingInitializeOnLoad (9ms)
				EditorAssembliesLoaded (0ms)
			ExecutionOrderSort2 (0ms)
			AwakeInstancesAfterBackupRestoration (16ms)
Platform modules already initialized, skipping
Refreshing native plugins compatible for Editor in 13.41 ms, found 5 plugins.
Preloading 0 native plugins for Editor in 0.00 ms.
Unloading 4405 Unused Serialized files (Serialized files now loaded: 0)
Unloading 69 unused Assets / (1.6 MB). Loaded Objects now: 4974.
Memory consumption went from 171.9 MB to 170.3 MB.
Total: 15.452600 ms (FindLiveObjects: 0.794300 ms CreateObjectMapping: 0.694600 ms MarkObjects: 13.453200 ms  DeleteObjects: 0.507900 ms)

AssetImportParameters requested are different than current active one (requested -> active):
  custom:video-decoder-ogg-theora: a1e56fd34408186e4bbccfd4996cb3dc -> 
  custom:container-muxer-webm: aa71ff27fc2769a1b78a27578f13a17b -> 
  custom:container-demuxer-webm: 4f35f7cbe854078d1ac9338744f61a02 -> 
  custom:video-encoder-webm-vp8: eb34c28f22e8b96e1ab97ce403110664 -> 
  custom:audio-encoder-webm-vorbis: bf7c407c2cedff20999df2af8eb42d56 -> 
  custom:framework-win-MediaFoundation: 216162199b28c13a410421893ffa2e32 -> 
  custom:container-demuxer-ogg: 62fdf1f143b41e24485cea50d1cbac27 -> 
  custom:video-decoder-webm-vp8: 9c59270c3fd7afecdb556c50c9e8de78 -> 
  custom:audio-decoder-ogg-vorbis: bf7c407c2cedff20999df2af8eb42d56 -> 
========================================================================
Received Import Request.
  Time since last request: 2718.126468 seconds.
  path: Assets/WebGLTemplates/2020+2021-Mobile-NoButtonFullScreen
  artifactKey: Guid(2d9765ca9f01ce84286be898af474b30) Importer(815301076,1909f56bfc062723c751e8b465ee728b)
Start importing Assets/WebGLTemplates/2020+2021-Mobile-NoButtonFullScreen using Guid(2d9765ca9f01ce84286be898af474b30) Importer(815301076,1909f56bfc062723c751e8b465ee728b)  -> (artifact id: '9ee86684d35ab274083b6add3f137a2e') in 0.028120 seconds 
========================================================================
Received Import Request.
  Time since last request: 4.033631 seconds.
  path: Assets/WebGLTemplates/2020+2021-Mobile-NoButtonFullScreen/logo.png
  artifactKey: Guid(90c0977872472ed4b927a073223fd48a) Importer(815301076,1909f56bfc062723c751e8b465ee728b)
Start importing Assets/WebGLTemplates/2020+2021-Mobile-NoButtonFullScreen/logo.png using Guid(90c0977872472ed4b927a073223fd48a) Importer(815301076,1909f56bfc062723c751e8b465ee728b)  -> (artifact id: '5931899480a14ecef0ccc2765f72c9d8') in 0.045428 seconds 
========================================================================
Received Import Request.
  Time since last request: 4.097411 seconds.
  path: Assets/WebGLTemplates/2020+2021-Mobile-NoButtonFullScreen/thumbnail.png
  artifactKey: Guid(d4de5b9800224794ea7ef94370aa8049) Importer(815301076,1909f56bfc062723c751e8b465ee728b)
Start importing Assets/WebGLTemplates/2020+2021-Mobile-NoButtonFullScreen/thumbnail.png using Guid(d4de5b9800224794ea7ef94370aa8049) Importer(815301076,1909f56bfc062723c751e8b465ee728b)  -> (artifact id: '6199f01459ad1616dab9687e3819a742') in 0.014786 seconds 
========================================================================
Received Import Request.
  Time since last request: 3.959613 seconds.
  path: Assets/WebGLTemplates/2020+2021-WithButtonFullScreen
  artifactKey: Guid(ff3bf79df53061f42b49897f9ff7a436) Importer(815301076,1909f56bfc062723c751e8b465ee728b)
Start importing Assets/WebGLTemplates/2020+2021-WithButtonFullScreen using Guid(ff3bf79df53061f42b49897f9ff7a436) Importer(815301076,1909f56bfc062723c751e8b465ee728b)  -> (artifact id: '2b632d79b7b28b7e0eb3ddba8e518329') in 0.013809 seconds 
========================================================================
Received Import Request.
  Time since last request: 1.027808 seconds.
  path: Assets/WebGLTemplates/2020+2021-WithButtonFullScreen/logo.png
  artifactKey: Guid(705a61c175f8c874bb3b322ad692c4eb) Importer(815301076,1909f56bfc062723c751e8b465ee728b)
Start importing Assets/WebGLTemplates/2020+2021-WithButtonFullScreen/logo.png using Guid(705a61c175f8c874bb3b322ad692c4eb) Importer(815301076,1909f56bfc062723c751e8b465ee728b)  -> (artifact id: '3bf434c3ba2e2c7f704d16124dcc01dd') in 0.003937 seconds 
